<?xml version="1.0" encoding="UTF-8"?>
<!-- Generated by org.testng.reporters.JUnitReportReporter -->
<testsuite hostname="LTIN514801" failures="0" tests="3" name="API.AddAPI" time="2.312" errors="0" timestamp="2024-07-12T13:01:41 IST" skipped="0">
  <testcase classname="API.AddAPI" name="add" time="0.179"/>
  <system-out/>
  <testcase classname="API.AddAPI" name="add" time="1.979"/>
  <system-out/>
  <testcase classname="API.AddAPI" name="add" time="0.154"/>
  <system-out/>
</testsuite> <!-- API.AddAPI -->
